#
# There is insufficient memory for the Java Runtime Environment to continue.
# Native memory allocation (malloc) failed to allocate 879856 bytes for Chunk::new
# Possible reasons:
#   The system is out of physical RAM or swap space
#   The process is running with CompressedOops enabled, and the Java Heap may be blocking the growth of the native heap
# Possible solutions:
#   Reduce memory load on the system
#   Increase physical memory or swap space
#   Check if swap backing store is full
#   Decrease Java heap size (-Xmx/-Xms)
#   Decrease number of Java threads
#   Decrease Java thread stack sizes (-Xss)
#   Set larger code cache with -XX:ReservedCodeCacheSize=
#   JVM is running with Unscaled Compressed Oops mode in which the Java heap is
#     placed in the first 4GB address space. The Java Heap base address is the
#     maximum limit for the native heap growth. Please use -XX:HeapBaseMinAddress
#     to set the Java Heap base and to place the Java Heap above 4GB virtual address.
# This output file may be truncated or incomplete.
#
#  Out of Memory Error (arena.cpp:189), pid=24020, tid=8736
#
# JRE version: OpenJDK Runtime Environment Temurin-17.0.4+8 (17.0.4+8) (build 17.0.4+8)
# Java VM: OpenJDK 64-Bit Server VM Temurin-17.0.4+8 (17.0.4+8, mixed mode, sharing, tiered, compressed oops, compressed class ptrs, g1 gc, windows-amd64)
# No core dump will be written. Minidumps are not enabled by default on client versions of Windows
#

---------------  S U M M A R Y ------------

Command Line: -javaagent:C:\Users\giris\AppData\Local\Programs\IntelliJ IDEA Community Edition\lib\idea_rt.jar=56217:C:\Users\giris\AppData\Local\Programs\IntelliJ IDEA Community Edition\bin -Dfile.encoding=UTF-8 com.tulika.todoapp.TodoappApplication

Host: Intel(R) Core(TM) i3-1005G1 CPU @ 1.20GHz, 4 cores, 3G,  Windows 11 , 64 bit Build 26100 (10.0.26100.8115)
Time: Sat Apr 18 23:11:19 2026 India Standard Time elapsed time: 16.723087 seconds (0d 0h 0m 16s)

---------------  T H R E A D  ---------------

Current thread (0x000001aa51e8da70):  JavaThread "C2 CompilerThread0" daemon [_thread_in_native, id=8736, stack(0x00000049f5b00000,0x00000049f5c00000)]


Current CompileTask:
C2:  16723 3996   !   4       java.net.URL::<init> (543 bytes)

Stack: [0x00000049f5b00000,0x00000049f5c00000]
Native frames: (J=compiled Java code, j=interpreted, Vv=VM code, C=native code)
V  [jvm.dll+0x67733a]
V  [jvm.dll+0x8323c4]
V  [jvm.dll+0x833b6e]
V  [jvm.dll+0x8341d3]
V  [jvm.dll+0x2455e5]
V  [jvm.dll+0xabd7b]
V  [jvm.dll+0xac30c]
V  [jvm.dll+0x2ac67f]
V  [jvm.dll+0x57dd57]
V  [jvm.dll+0x220702]
V  [jvm.dll+0x220adf]
V  [jvm.dll+0x21a325]
V  [jvm.dll+0x2177eb]
V  [jvm.dll+0x1a3f8d]
V  [jvm.dll+0x227308]
V  [jvm.dll+0x225455]
V  [jvm.dll+0x7e7eeb]
V  [jvm.dll+0x7e245a]
V  [jvm.dll+0x6761c5]
C  [ucrtbase.dll+0x37b0]
C  [KERNEL32.DLL+0x2e8d7]
C  [ntdll.dll+0x8c3fc]


---------------  P R O C E S S  ---------------

Threads class SMR info:
_java_thread_list=0x000001aa52f3a340, length=17, elements={
0x000001aa36af9010, 0x000001aa51e74280, 0x000001aa51e74e30, 0x000001aa51e88590,
0x000001aa51e88f40, 0x000001aa51e8b320, 0x000001aa51e8bcd0, 0x000001aa51e8da70,
0x000001aa51e8ec00, 0x000001aa51e8fe00, 0x000001aa529a7e50, 0x000001aa52b035b0,
0x000001aa52bca150, 0x000001aa53ef6490, 0x000001aa53efbc30, 0x000001aa52fb0600,
0x000001aa554e4890
}

Java Threads: ( => current thread )
  0x000001aa36af9010 JavaThread "main" [_thread_in_native, id=22680, stack(0x00000049f4e00000,0x00000049f4f00000)]
  0x000001aa51e74280 JavaThread "Reference Handler" daemon [_thread_blocked, id=12256, stack(0x00000049f5500000,0x00000049f5600000)]
  0x000001aa51e74e30 JavaThread "Finalizer" daemon [_thread_blocked, id=11836, stack(0x00000049f5600000,0x00000049f5700000)]
  0x000001aa51e88590 JavaThread "Signal Dispatcher" daemon [_thread_blocked, id=4616, stack(0x00000049f5700000,0x00000049f5800000)]
  0x000001aa51e88f40 JavaThread "Attach Listener" daemon [_thread_blocked, id=15300, stack(0x00000049f5800000,0x00000049f5900000)]
  0x000001aa51e8b320 JavaThread "Service Thread" daemon [_thread_blocked, id=14064, stack(0x00000049f5900000,0x00000049f5a00000)]
  0x000001aa51e8bcd0 JavaThread "Monitor Deflation Thread" daemon [_thread_blocked, id=15552, stack(0x00000049f5a00000,0x00000049f5b00000)]
=>0x000001aa51e8da70 JavaThread "C2 CompilerThread0" daemon [_thread_in_native, id=8736, stack(0x00000049f5b00000,0x00000049f5c00000)]
  0x000001aa51e8ec00 JavaThread "C1 CompilerThread0" daemon [_thread_blocked, id=8700, stack(0x00000049f5c00000,0x00000049f5d00000)]
  0x000001aa51e8fe00 JavaThread "Sweeper thread" daemon [_thread_blocked, id=11228, stack(0x00000049f5d00000,0x00000049f5e00000)]
  0x000001aa529a7e50 JavaThread "Common-Cleaner" daemon [_thread_blocked, id=19788, stack(0x00000049f5e00000,0x00000049f5f00000)]
  0x000001aa52b035b0 JavaThread "Monitor Ctrl-Break" daemon [_thread_in_native, id=22588, stack(0x00000049f5f00000,0x00000049f6000000)]
  0x000001aa52bca150 JavaThread "Notification Thread" daemon [_thread_blocked, id=21364, stack(0x00000049f6000000,0x00000049f6100000)]
  0x000001aa53ef6490 JavaThread "Catalina-utility-1" [_thread_blocked, id=23916, stack(0x00000049f6600000,0x00000049f6700000)]
  0x000001aa53efbc30 JavaThread "Catalina-utility-2" [_thread_blocked, id=19144, stack(0x00000049f6700000,0x00000049f6800000)]
  0x000001aa52fb0600 JavaThread "container-0" [_thread_blocked, id=23000, stack(0x00000049f6800000,0x00000049f6900000)]
  0x000001aa554e4890 JavaThread "HikariPool-1:housekeeper" daemon [_thread_blocked, id=8660, stack(0x00000049f6900000,0x00000049f6a00000)]

Other Threads:
  0x000001aa36bbe160 VMThread "VM Thread" [stack: 0x00000049f5400000,0x00000049f5500000] [id=11064]
  0x000001aa36b48110 WatcherThread [stack: 0x00000049f6100000,0x00000049f6200000] [id=3288]
  0x000001aa36b34d10 GCTaskThread "GC Thread#0" [stack: 0x00000049f4f00000,0x00000049f5000000] [id=10056]
  0x000001aa532caff0 GCTaskThread "GC Thread#1" [stack: 0x00000049f6200000,0x00000049f6300000] [id=9808]
  0x000001aa5332b140 GCTaskThread "GC Thread#2" [stack: 0x00000049f6300000,0x00000049f6400000] [id=20496]
  0x000001aa5332b3f0 GCTaskThread "GC Thread#3" [stack: 0x00000049f6400000,0x00000049f6500000] [id=22732]
  0x000001aa36b3d510 ConcurrentGCThread "G1 Main Marker" [stack: 0x00000049f5000000,0x00000049f5100000] [id=13152]
  0x000001aa36b3ec60 ConcurrentGCThread "G1 Conc#0" [stack: 0x00000049f5100000,0x00000049f5200000] [id=21768]
  0x000001aa36b8adc0 ConcurrentGCThread "G1 Refine#0" [stack: 0x00000049f5200000,0x00000049f5300000] [id=24092]
  0x000001aa531bec10 ConcurrentGCThread "G1 Refine#1" [stack: 0x00000049f6500000,0x00000049f6600000] [id=12324]
  0x000001aa36b8eab0 ConcurrentGCThread "G1 Service" [stack: 0x00000049f5300000,0x00000049f5400000] [id=6452]

Threads with active compile tasks:
C2 CompilerThread0    16770 3996   !   4       java.net.URL::<init> (543 bytes)

VM state: not at safepoint (normal execution)

VM Mutex/Monitor currently owned by a thread: None

Heap address: 0x00000000c3a00000, size: 966 MB, Compressed Oops mode: 32-bit

CDS archive(s) mapped at: [0x0000000800000000-0x0000000800bc0000-0x0000000800bc0000), size 12320768, SharedBaseAddress: 0x0000000800000000, ArchiveRelocationMode: 0.
Compressed class space mapped at: 0x0000000800c00000-0x0000000840c00000, reserved size: 1073741824
Narrow klass base: 0x0000000800000000, Narrow klass shift: 0, Narrow klass range: 0x100000000

GC Precious Log:
 CPUs: 4 total, 4 available
 Memory: 3863M
 Large Page Support: Disabled
 NUMA Support: Disabled
 Compressed Oops: Enabled (32-bit)
 Heap Region Size: 1M
 Heap Min Capacity: 8M
 Heap Initial Capacity: 62M
 Heap Max Capacity: 966M
 Pre-touch: Disabled
 Parallel Workers: 4
 Concurrent Workers: 1
 Concurrent Refinement Workers: 4
 Periodic GC: Disabled

Heap:
 garbage-first heap   total 51200K, used 25057K [0x00000000c3a00000, 0x0000000100000000)
  region size 1024K, 8 young (8192K), 3 survivors (3072K)
 Metaspace       used 40965K, committed 41344K, reserved 1089536K
  class space    used 5463K, committed 5632K, reserved 1048576K

Heap Regions: E=young(eden), S=young(survivor), O=old, HS=humongous(starts), HC=humongous(continues), CS=collection set, F=free, OA=open archive, CA=closed archive, TAMS=top-at-mark-start (previous, next)
|   0|0x00000000c3a00000, 0x00000000c3b00000, 0x00000000c3b00000|100%|HS|  |TAMS 0x00000000c3b00000, 0x00000000c3a00000| Complete 
|   1|0x00000000c3b00000, 0x00000000c3c00000, 0x00000000c3c00000|100%|HS|  |TAMS 0x00000000c3c00000, 0x00000000c3b00000| Complete 
|   2|0x00000000c3c00000, 0x00000000c3d00000, 0x00000000c3d00000|100%| O|  |TAMS 0x00000000c3d00000, 0x00000000c3c00000| Untracked 
|   3|0x00000000c3d00000, 0x00000000c3e00000, 0x00000000c3e00000|100%| O|  |TAMS 0x00000000c3e00000, 0x00000000c3d00000| Untracked 
|   4|0x00000000c3e00000, 0x00000000c3f00000, 0x00000000c3f00000|100%| O|  |TAMS 0x00000000c3f00000, 0x00000000c3e00000| Untracked 
|   5|0x00000000c3f00000, 0x00000000c4000000, 0x00000000c4000000|100%| O|  |TAMS 0x00000000c4000000, 0x00000000c3f00000| Untracked 
|   6|0x00000000c4000000, 0x00000000c4100000, 0x00000000c4100000|100%| O|  |TAMS 0x00000000c4100000, 0x00000000c4000000| Untracked 
|   7|0x00000000c4100000, 0x00000000c4200000, 0x00000000c4200000|100%| O|  |TAMS 0x00000000c4200000, 0x00000000c4100000| Untracked 
|   8|0x00000000c4200000, 0x00000000c4300000, 0x00000000c4300000|100%| O|  |TAMS 0x00000000c4300000, 0x00000000c4200000| Untracked 
|   9|0x00000000c4300000, 0x00000000c4400000, 0x00000000c4400000|100%| O|  |TAMS 0x00000000c4400000, 0x00000000c4300000| Untracked 
|  10|0x00000000c4400000, 0x00000000c4500000, 0x00000000c4500000|100%| O|  |TAMS 0x00000000c4500000, 0x00000000c4400000| Untracked 
|  11|0x00000000c4500000, 0x00000000c4600000, 0x00000000c4600000|100%| O|  |TAMS 0x00000000c4500000, 0x00000000c4500000| Untracked 
|  12|0x00000000c4600000, 0x00000000c4700000, 0x00000000c4700000|100%| O|  |TAMS 0x00000000c4700000, 0x00000000c4600000| Untracked 
|  13|0x00000000c4700000, 0x00000000c4800000, 0x00000000c4800000|100%| O|  |TAMS 0x00000000c4800000, 0x00000000c4700000| Untracked 
|  14|0x00000000c4800000, 0x00000000c4900000, 0x00000000c4900000|100%| O|  |TAMS 0x00000000c4900000, 0x00000000c4800000| Untracked 
|  15|0x00000000c4900000, 0x00000000c4a00000, 0x00000000c4a00000|100%| O|  |TAMS 0x00000000c4a00000, 0x00000000c4900000| Untracked 
|  16|0x00000000c4a00000, 0x00000000c4a6b600, 0x00000000c4b00000| 41%| O|  |TAMS 0x00000000c4a00000, 0x00000000c4a00000| Untracked 
|  17|0x00000000c4b00000, 0x00000000c4b00000, 0x00000000c4c00000|  0%| F|  |TAMS 0x00000000c4b00000, 0x00000000c4b00000| Untracked 
|  18|0x00000000c4c00000, 0x00000000c4c00000, 0x00000000c4d00000|  0%| F|  |TAMS 0x00000000c4c00000, 0x00000000c4c00000| Untracked 
|  19|0x00000000c4d00000, 0x00000000c4d00000, 0x00000000c4e00000|  0%| F|  |TAMS 0x00000000c4d00000, 0x00000000c4d00000| Untracked 
|  20|0x00000000c4e00000, 0x00000000c4f00000, 0x00000000c4f00000|100%| O|  |TAMS 0x00000000c4f00000, 0x00000000c4e00000| Untracked 
|  21|0x00000000c4f00000, 0x00000000c5000000, 0x00000000c5000000|100%| O|  |TAMS 0x00000000c4f68800, 0x00000000c4f00000| Untracked 
|  22|0x00000000c5000000, 0x00000000c5000000, 0x00000000c5100000|  0%| F|  |TAMS 0x00000000c5000000, 0x00000000c5000000| Untracked 
|  23|0x00000000c5100000, 0x00000000c5100000, 0x00000000c5200000|  0%| F|  |TAMS 0x00000000c5100000, 0x00000000c5100000| Untracked 
|  24|0x00000000c5200000, 0x00000000c5200000, 0x00000000c5300000|  0%| F|  |TAMS 0x00000000c5200000, 0x00000000c5200000| Untracked 
|  25|0x00000000c5300000, 0x00000000c5300000, 0x00000000c5400000|  0%| F|  |TAMS 0x00000000c5300000, 0x00000000c5300000| Untracked 
|  26|0x00000000c5400000, 0x00000000c5400000, 0x00000000c5500000|  0%| F|  |TAMS 0x00000000c5400000, 0x00000000c5400000| Untracked 
|  27|0x00000000c5500000, 0x00000000c550d1f8, 0x00000000c5600000|  5%| S|CS|TAMS 0x00000000c5500000, 0x00000000c5500000| Complete 
|  28|0x00000000c5600000, 0x00000000c5700000, 0x00000000c5700000|100%| S|CS|TAMS 0x00000000c5600000, 0x00000000c5600000| Complete 
|  29|0x00000000c5700000, 0x00000000c5800000, 0x00000000c5800000|100%| S|CS|TAMS 0x00000000c5700000, 0x00000000c5700000| Complete 
|  30|0x00000000c5800000, 0x00000000c5800000, 0x00000000c5900000|  0%| F|  |TAMS 0x00000000c5800000, 0x00000000c5800000| Untracked 
|  31|0x00000000c5900000, 0x00000000c5900000, 0x00000000c5a00000|  0%| F|  |TAMS 0x00000000c5900000, 0x00000000c5900000| Untracked 
|  32|0x00000000c5a00000, 0x00000000c5a00000, 0x00000000c5b00000|  0%| F|  |TAMS 0x00000000c5a00000, 0x00000000c5a00000| Untracked 
|  33|0x00000000c5b00000, 0x00000000c5b00000, 0x00000000c5c00000|  0%| F|  |TAMS 0x00000000c5b00000, 0x00000000c5b00000| Untracked 
|  34|0x00000000c5c00000, 0x00000000c5c00000, 0x00000000c5d00000|  0%| F|  |TAMS 0x00000000c5c00000, 0x00000000c5c00000| Untracked 
|  35|0x00000000c5d00000, 0x00000000c5d00000, 0x00000000c5e00000|  0%| F|  |TAMS 0x00000000c5d00000, 0x00000000c5d00000| Untracked 
|  36|0x00000000c5e00000, 0x00000000c5e00000, 0x00000000c5f00000|  0%| F|  |TAMS 0x00000000c5e00000, 0x00000000c5e00000| Untracked 
|  37|0x00000000c5f00000, 0x00000000c5f00000, 0x00000000c6000000|  0%| F|  |TAMS 0x00000000c5f00000, 0x00000000c5f00000| Untracked 
|  38|0x00000000c6000000, 0x00000000c6000000, 0x00000000c6100000|  0%| F|  |TAMS 0x00000000c6000000, 0x00000000c6000000| Untracked 
|  39|0x00000000c6100000, 0x00000000c6100000, 0x00000000c6200000|  0%| F|  |TAMS 0x00000000c6100000, 0x00000000c6100000| Untracked 
|  40|0x00000000c6200000, 0x00000000c6200000, 0x00000000c6300000|  0%| F|  |TAMS 0x00000000c6200000, 0x00000000c6200000| Untracked 
|  41|0x00000000c6300000, 0x00000000c6300000, 0x00000000c6400000|  0%| F|  |TAMS 0x00000000c6300000, 0x00000000c6300000| Untracked 
|  42|0x00000000c6400000, 0x00000000c6400000, 0x00000000c6500000|  0%| F|  |TAMS 0x00000000c6400000, 0x00000000c6400000| Untracked 
|  43|0x00000000c6500000, 0x00000000c6500000, 0x00000000c6600000|  0%| F|  |TAMS 0x00000000c6500000, 0x00000000c6500000| Untracked 
|  44|0x00000000c6600000, 0x00000000c6600000, 0x00000000c6700000|  0%| F|  |TAMS 0x00000000c6600000, 0x00000000c6600000| Untracked 
|  45|0x00000000c6700000, 0x00000000c67f66a8, 0x00000000c6800000| 96%| E|  |TAMS 0x00000000c6700000, 0x00000000c6700000| Complete 
|  46|0x00000000c6800000, 0x00000000c6900000, 0x00000000c6900000|100%| E|CS|TAMS 0x00000000c6800000, 0x00000000c6800000| Complete 
|  47|0x00000000c6900000, 0x00000000c6a00000, 0x00000000c6a00000|100%| E|CS|TAMS 0x00000000c6900000, 0x00000000c6900000| Complete 
|  48|0x00000000c6a00000, 0x00000000c6b00000, 0x00000000c6b00000|100%| E|CS|TAMS 0x00000000c6a00000, 0x00000000c6a00000| Complete 
|  61|0x00000000c7700000, 0x00000000c7800000, 0x00000000c7800000|100%| E|CS|TAMS 0x00000000c7700000, 0x00000000c7700000| Complete 

Card table byte_map: [0x000001aa4d7c0000,0x000001aa4d9b0000] _byte_map_base: 0x000001aa4d1a3000

Marking Bits (Prev, Next): (CMBitMap*) 0x000001aa36b35320, (CMBitMap*) 0x000001aa36b35360
 Prev Bits: [0x000001aa4dba0000, 0x000001aa4eab8000)
 Next Bits: [0x000001aa4eac0000, 0x000001aa4f9d8000)

Polling page: 0x000001aa34800000

Metaspace:

Usage:
  Non-class:     34.67 MB used.
      Class:      5.34 MB used.
       Both:     40.00 MB used.

Virtual space:
  Non-class space:       40.00 MB reserved,      34.88 MB ( 87%) committed,  5 nodes.
      Class space:        1.00 GB reserved,       5.50 MB ( <1%) committed,  1 nodes.
             Both:        1.04 GB reserved,      40.38 MB (  4%) committed. 

Chunk freelists:
   Non-Class:  1.16 MB
       Class:  2.50 MB
        Both:  3.66 MB

MaxMetaspaceSize: unlimited
CompressedClassSpaceSize: 1.00 GB
Initial GC threshold: 21.00 MB
Current GC threshold: 58.88 MB
CDS: on
MetaspaceReclaimPolicy: balanced
 - commit_granule_bytes: 65536.
 - commit_granule_words: 8192.
 - virtual_space_node_default_size: 1048576.
 - enlarge_chunks_in_place: 1.
 - new_chunks_are_fully_committed: 0.
 - uncommit_free_chunks: 1.
 - use_allocation_guard: 0.
 - handle_deallocations: 1.


Internal statistics:

num_allocs_failed_limit: 6.
num_arena_births: 538.
num_arena_deaths: 0.
num_vsnodes_births: 6.
num_vsnodes_deaths: 0.
num_space_committed: 646.
num_space_uncommitted: 0.
num_chunks_returned_to_freelist: 6.
num_chunks_taken_from_freelist: 2015.
num_chunk_merges: 6.
num_chunk_splits: 1444.
num_chunks_enlarged: 1131.
num_purges: 0.
num_inconsistent_stats: 0.

CodeHeap 'non-profiled nmethods': size=120000Kb used=2185Kb max_used=2185Kb free=117814Kb
 bounds [0x000001aa460a0000, 0x000001aa46310000, 0x000001aa4d5d0000]
CodeHeap 'profiled nmethods': size=120000Kb used=8328Kb max_used=8328Kb free=111671Kb
 bounds [0x000001aa3eb70000, 0x000001aa3f3a0000, 0x000001aa460a0000]
CodeHeap 'non-nmethods': size=5760Kb used=1260Kb max_used=1311Kb free=4499Kb
 bounds [0x000001aa3e5d0000, 0x000001aa3e840000, 0x000001aa3eb70000]
 total_blobs=4511 nmethods=3951 adapters=471
 compilation: enabled
              stopped_count=0, restarted_count=0
 full_count=0

Compilation events (20 events):
Event: 15.791 Thread 0x000001aa51e8ec00 3988   !   3       java.lang.ClassLoader::getResourceAsStream (27 bytes)
Event: 15.792 Thread 0x000001aa51e8ec00 nmethod 3988 0x000001aa3f38d610 code [0x000001aa3f38d820, 0x000001aa3f38de78]
Event: 15.793 Thread 0x000001aa51e8ec00 3989       3       java.net.URLConnection::<init> (62 bytes)
Event: 15.794 Thread 0x000001aa51e8ec00 nmethod 3989 0x000001aa3f38e110 code [0x000001aa3f38e320, 0x000001aa3f38ea88]
Event: 15.794 Thread 0x000001aa51e8ec00 3990       3       java.net.URLConnection::getDefaultUseCaches (30 bytes)
Event: 15.794 Thread 0x000001aa51e8ec00 nmethod 3990 0x000001aa3f38ec90 code [0x000001aa3f38ee80, 0x000001aa3f38f3c8]
Event: 15.844 Thread 0x000001aa51e8ec00 3991       3       net.bytebuddy.description.method.MethodDescription$ForLoadedMethod::getDeclaringType (14 bytes)
Event: 15.847 Thread 0x000001aa51e8ec00 nmethod 3991 0x000001aa3f38f590 code [0x000001aa3f38f7a0, 0x000001aa3f38ffe8]
Event: 15.931 Thread 0x000001aa51e8ec00 3992       3       net.bytebuddy.description.type.TypeDescription$AbstractBase::equals (60 bytes)
Event: 15.932 Thread 0x000001aa51e8ec00 nmethod 3992 0x000001aa3f390290 code [0x000001aa3f3904c0, 0x000001aa3f390d68]
Event: 15.943 Thread 0x000001aa51e8ec00 3993       3       net.bytebuddy.description.type.TypeDescription$Generic$LazyProjection$WithEagerNavigation$OfAnnotatedElement::<init> (5 bytes)
Event: 15.943 Thread 0x000001aa51e8ec00 nmethod 3993 0x000001aa3f391010 code [0x000001aa3f3911c0, 0x000001aa3f391498]
Event: 15.944 Thread 0x000001aa51e8ec00 3994       3       net.bytebuddy.description.type.TypeDescription$Generic$LazyProjection$WithEagerNavigation::<init> (5 bytes)
Event: 15.944 Thread 0x000001aa51e8ec00 nmethod 3994 0x000001aa3f391610 code [0x000001aa3f3917c0, 0x000001aa3f391a38]
Event: 15.997 Thread 0x000001aa51e8ec00 3995       3       net.bytebuddy.description.type.TypeDescription$AbstractBase::hashCode (54 bytes)
Event: 15.997 Thread 0x000001aa51e8ec00 nmethod 3995 0x000001aa3f391b90 code [0x000001aa3f391d60, 0x000001aa3f392038]
Event: 16.131 Thread 0x000001aa51e8da70 nmethod 3974 0x000001aa462bc890 code [0x000001aa462bcc00, 0x000001aa462c04d8]
Event: 16.147 Thread 0x000001aa51e8da70 3980       4       jdk.internal.reflect.ByteVectorImpl::getLength (7 bytes)
Event: 16.147 Thread 0x000001aa51e8da70 nmethod 3980 0x000001aa462c2010 code [0x000001aa462c2180, 0x000001aa462c21f8]
Event: 16.177 Thread 0x000001aa51e8da70 3996   !   4       java.net.URL::<init> (543 bytes)

GC Heap History (20 events):
Event: 1.335 GC heap before
{Heap before GC invocations=0 (full 0):
 garbage-first heap   total 63488K, used 15360K [0x00000000c3a00000, 0x0000000100000000)
  region size 1024K, 13 young (13312K), 0 survivors (0K)
 Metaspace       used 3392K, committed 3584K, reserved 1056768K
  class space    used 355K, committed 448K, reserved 1048576K
}
Event: 1.345 GC heap after
{Heap after GC invocations=1 (full 0):
 garbage-first heap   total 63488K, used 6883K [0x00000000c3a00000, 0x0000000100000000)
  region size 1024K, 2 young (2048K), 2 survivors (2048K)
 Metaspace       used 3392K, committed 3584K, reserved 1056768K
  class space    used 355K, committed 448K, reserved 1048576K
}
Event: 2.057 GC heap before
{Heap before GC invocations=1 (full 0):
 garbage-first heap   total 63488K, used 16099K [0x00000000c3a00000, 0x0000000100000000)
  region size 1024K, 12 young (12288K), 2 survivors (2048K)
 Metaspace       used 6428K, committed 6656K, reserved 1056768K
  class space    used 774K, committed 896K, reserved 1048576K
}
Event: 2.062 GC heap after
{Heap after GC invocations=2 (full 0):
 garbage-first heap   total 63488K, used 7833K [0x00000000c3a00000, 0x0000000100000000)
  region size 1024K, 1 young (1024K), 1 survivors (1024K)
 Metaspace       used 6428K, committed 6656K, reserved 1056768K
  class space    used 774K, committed 896K, reserved 1048576K
}
Event: 3.207 GC heap before
{Heap before GC invocations=2 (full 0):
 garbage-first heap   total 63488K, used 29337K [0x00000000c3a00000, 0x0000000100000000)
  region size 1024K, 22 young (22528K), 1 survivors (1024K)
 Metaspace       used 11614K, committed 11968K, reserved 1064960K
  class space    used 1517K, committed 1664K, reserved 1048576K
}
Event: 3.215 GC heap after
{Heap after GC invocations=3 (full 0):
 garbage-first heap   total 63488K, used 9573K [0x00000000c3a00000, 0x0000000100000000)
  region size 1024K, 3 young (3072K), 3 survivors (3072K)
 Metaspace       used 11614K, committed 11968K, reserved 1064960K
  class space    used 1517K, committed 1664K, reserved 1048576K
}
Event: 4.099 GC heap before
{Heap before GC invocations=3 (full 0):
 garbage-first heap   total 63488K, used 33125K [0x00000000c3a00000, 0x0000000100000000)
  region size 1024K, 27 young (27648K), 3 survivors (3072K)
 Metaspace       used 17095K, committed 17408K, reserved 1064960K
  class space    used 2213K, committed 2368K, reserved 1048576K
}
Event: 4.109 GC heap after
{Heap after GC invocations=4 (full 0):
 garbage-first heap   total 63488K, used 12032K [0x00000000c3a00000, 0x0000000100000000)
  region size 1024K, 4 young (4096K), 4 survivors (4096K)
 Metaspace       used 17095K, committed 17408K, reserved 1064960K
  class space    used 2213K, committed 2368K, reserved 1048576K
}
Event: 4.860 GC heap before
{Heap before GC invocations=4 (full 0):
 garbage-first heap   total 63488K, used 33536K [0x00000000c3a00000, 0x0000000100000000)
  region size 1024K, 27 young (27648K), 4 survivors (4096K)
 Metaspace       used 21259K, committed 21504K, reserved 1073152K
  class space    used 2756K, committed 2880K, reserved 1048576K
}
Event: 4.871 GC heap after
{Heap after GC invocations=5 (full 0):
 garbage-first heap   total 63488K, used 14100K [0x00000000c3a00000, 0x0000000100000000)
  region size 1024K, 2 young (2048K), 2 survivors (2048K)
 Metaspace       used 21259K, committed 21504K, reserved 1073152K
  class space    used 2756K, committed 2880K, reserved 1048576K
}
Event: 6.958 GC heap before
{Heap before GC invocations=6 (full 0):
 garbage-first heap   total 51200K, used 41748K [0x00000000c3a00000, 0x0000000100000000)
  region size 1024K, 30 young (30720K), 2 survivors (2048K)
 Metaspace       used 25978K, committed 26368K, reserved 1073152K
  class space    used 3419K, committed 3648K, reserved 1048576K
}
Event: 6.972 GC heap after
{Heap after GC invocations=7 (full 0):
 garbage-first heap   total 51200K, used 16761K [0x00000000c3a00000, 0x0000000100000000)
  region size 1024K, 4 young (4096K), 4 survivors (4096K)
 Metaspace       used 25978K, committed 26368K, reserved 1073152K
  class space    used 3419K, committed 3648K, reserved 1048576K
}
Event: 7.299 GC heap before
{Heap before GC invocations=7 (full 0):
 garbage-first heap   total 51200K, used 17785K [0x00000000c3a00000, 0x0000000100000000)
  region size 1024K, 5 young (5120K), 4 survivors (4096K)
 Metaspace       used 26131K, committed 26496K, reserved 1073152K
  class space    used 3454K, committed 3648K, reserved 1048576K
}
Event: 7.313 GC heap after
{Heap after GC invocations=8 (full 0):
 garbage-first heap   total 51200K, used 17534K [0x00000000c3a00000, 0x0000000100000000)
  region size 1024K, 1 young (1024K), 1 survivors (1024K)
 Metaspace       used 26131K, committed 26496K, reserved 1073152K
  class space    used 3454K, committed 3648K, reserved 1048576K
}
Event: 8.760 GC heap before
{Heap before GC invocations=8 (full 0):
 garbage-first heap   total 51200K, used 36990K [0x00000000c3a00000, 0x0000000100000000)
  region size 1024K, 20 young (20480K), 1 survivors (1024K)
 Metaspace       used 30507K, committed 30912K, reserved 1081344K
  class space    used 4017K, committed 4224K, reserved 1048576K
}
Event: 8.764 GC heap after
{Heap after GC invocations=9 (full 0):
 garbage-first heap   total 51200K, used 18835K [0x00000000c3a00000, 0x0000000100000000)
  region size 1024K, 2 young (2048K), 2 survivors (2048K)
 Metaspace       used 30507K, committed 30912K, reserved 1081344K
  class space    used 4017K, committed 4224K, reserved 1048576K
}
Event: 9.795 GC heap before
{Heap before GC invocations=9 (full 0):
 garbage-first heap   total 51200K, used 34195K [0x00000000c3a00000, 0x0000000100000000)
  region size 1024K, 19 young (19456K), 2 survivors (2048K)
 Metaspace       used 35689K, committed 36096K, reserved 1081344K
  class space    used 4561K, committed 4736K, reserved 1048576K
}
Event: 9.799 GC heap after
{Heap after GC invocations=10 (full 0):
 garbage-first heap   total 51200K, used 20256K [0x00000000c3a00000, 0x0000000100000000)
  region size 1024K, 2 young (2048K), 2 survivors (2048K)
 Metaspace       used 35689K, committed 36096K, reserved 1081344K
  class space    used 4561K, committed 4736K, reserved 1048576K
}
Event: 15.027 GC heap before
{Heap before GC invocations=11 (full 0):
 garbage-first heap   total 51200K, used 38688K [0x00000000c3a00000, 0x0000000100000000)
  region size 1024K, 20 young (20480K), 2 survivors (2048K)
 Metaspace       used 39943K, committed 40384K, reserved 1089536K
  class space    used 5277K, committed 5504K, reserved 1048576K
}
Event: 15.032 GC heap after
{Heap after GC invocations=12 (full 0):
 garbage-first heap   total 51200K, used 20961K [0x00000000c3a00000, 0x0000000100000000)
  region size 1024K, 3 young (3072K), 3 survivors (3072K)
 Metaspace       used 39943K, committed 40384K, reserved 1089536K
  class space    used 5277K, committed 5504K, reserved 1048576K
}

Deoptimization events (20 events):
Event: 12.114 Thread 0x000001aa36af9010 Uncommon trap: trap_request=0xffffff54 fr.pc=0x000001aa4627a254 relative=0x00000000000008f4
Event: 12.114 Thread 0x000001aa36af9010 Uncommon trap: reason=speculate_null_assert action=make_not_entrant pc=0x000001aa4627a254 method=java.util.jar.JarFile.getVersionedEntry(Ljava/lang/String;Ljava/util/jar/JarEntry;)Ljava/util/jar/JarEntry; @ 115 c2
Event: 12.114 Thread 0x000001aa36af9010 DEOPT PACKING pc=0x000001aa4627a254 sp=0x00000049f4ef9be0
Event: 12.114 Thread 0x000001aa36af9010 DEOPT UNPACKING pc=0x000001aa3e625c23 sp=0x00000049f4ef9bc0 mode 2
Event: 14.700 Thread 0x000001aa36af9010 Uncommon trap: trap_request=0xffffffbe fr.pc=0x000001aa462b4a04 relative=0x00000000000006c4
Event: 14.700 Thread 0x000001aa36af9010 Uncommon trap: reason=profile_predicate action=maybe_recompile pc=0x000001aa462b4a04 method=java.lang.PublicMethods$MethodList.filter([Ljava/lang/reflect/Method;Ljava/lang/String;[Ljava/lang/Class;Z)Ljava/lang/PublicMethods$MethodList; @ 21 c2
Event: 14.700 Thread 0x000001aa36af9010 DEOPT PACKING pc=0x000001aa462b4a04 sp=0x00000049f4efc100
Event: 14.700 Thread 0x000001aa36af9010 DEOPT UNPACKING pc=0x000001aa3e625c23 sp=0x00000049f4efc0b8 mode 2
Event: 14.701 Thread 0x000001aa36af9010 Uncommon trap: trap_request=0xffffffbe fr.pc=0x000001aa462b4a04 relative=0x00000000000006c4
Event: 14.701 Thread 0x000001aa36af9010 Uncommon trap: reason=profile_predicate action=maybe_recompile pc=0x000001aa462b4a04 method=java.lang.PublicMethods$MethodList.filter([Ljava/lang/reflect/Method;Ljava/lang/String;[Ljava/lang/Class;Z)Ljava/lang/PublicMethods$MethodList; @ 21 c2
Event: 14.701 Thread 0x000001aa36af9010 DEOPT PACKING pc=0x000001aa462b4a04 sp=0x00000049f4efc100
Event: 14.701 Thread 0x000001aa36af9010 DEOPT UNPACKING pc=0x000001aa3e625c23 sp=0x00000049f4efc0b8 mode 2
Event: 14.713 Thread 0x000001aa36af9010 Uncommon trap: trap_request=0xffffffbe fr.pc=0x000001aa462b4a04 relative=0x00000000000006c4
Event: 14.713 Thread 0x000001aa36af9010 Uncommon trap: reason=profile_predicate action=maybe_recompile pc=0x000001aa462b4a04 method=java.lang.PublicMethods$MethodList.filter([Ljava/lang/reflect/Method;Ljava/lang/String;[Ljava/lang/Class;Z)Ljava/lang/PublicMethods$MethodList; @ 21 c2
Event: 14.713 Thread 0x000001aa36af9010 DEOPT PACKING pc=0x000001aa462b4a04 sp=0x00000049f4efc100
Event: 14.714 Thread 0x000001aa36af9010 DEOPT UNPACKING pc=0x000001aa3e625c23 sp=0x00000049f4efc0b8 mode 2
Event: 14.714 Thread 0x000001aa36af9010 Uncommon trap: trap_request=0xffffffbe fr.pc=0x000001aa462b4a04 relative=0x00000000000006c4
Event: 14.714 Thread 0x000001aa36af9010 Uncommon trap: reason=profile_predicate action=maybe_recompile pc=0x000001aa462b4a04 method=java.lang.PublicMethods$MethodList.filter([Ljava/lang/reflect/Method;Ljava/lang/String;[Ljava/lang/Class;Z)Ljava/lang/PublicMethods$MethodList; @ 21 c2
Event: 14.714 Thread 0x000001aa36af9010 DEOPT PACKING pc=0x000001aa462b4a04 sp=0x00000049f4efc100
Event: 14.714 Thread 0x000001aa36af9010 DEOPT UNPACKING pc=0x000001aa3e625c23 sp=0x00000049f4efc0b8 mode 2

Classes unloaded (0 events):
No events

Classes redefined (0 events):
No events

Internal exceptions (20 events):
Event: 6.388 Thread 0x000001aa36af9010 Exception <a 'java/lang/NoSuchMethodError'{0x00000000c5158c50}: 'java.lang.Object java.lang.invoke.DirectMethodHandle$Holder.invokeSpecialIFC(java.lang.Object, java.lang.Object, java.lang.Object)'> (0x00000000c5158c50) 
thrown [s\src\hotspot\share\interpreter\linkResolver.cpp, line 759]
Event: 7.161 Thread 0x000001aa36af9010 Exception <a 'java/lang/NoSuchMethodError'{0x00000000c77468f8}: 'void java.lang.invoke.DirectMethodHandle$Holder.invokeStatic(java.lang.Object, int, java.lang.Object)'> (0x00000000c77468f8) 
thrown [s\src\hotspot\share\interpreter\linkResolver.cpp, line 759]
Event: 7.177 Thread 0x000001aa36af9010 Exception <a 'java/lang/NoSuchMethodError'{0x00000000c7770bb8}: 'void java.lang.invoke.DirectMethodHandle$Holder.invokeInterface(java.lang.Object, java.lang.Object, int)'> (0x00000000c7770bb8) 
thrown [s\src\hotspot\share\interpreter\linkResolver.cpp, line 759]
Event: 7.230 Thread 0x000001aa36af9010 Exception <a 'java/lang/IncompatibleClassChangeError'{0x00000000c77c3cf8}: Found class java.lang.Object, but interface was expected> (0x00000000c77c3cf8) 
thrown [s\src\hotspot\share\interpreter\linkResolver.cpp, line 826]
Event: 7.238 Thread 0x000001aa36af9010 Exception <a 'java/lang/NoSuchMethodError'{0x00000000c77d54c8}: 'int java.lang.invoke.DirectMethodHandle$Holder.invokeSpecialIFC(java.lang.Object, java.lang.Object, java.lang.Object)'> (0x00000000c77d54c8) 
thrown [s\src\hotspot\share\interpreter\linkResolver.cpp, line 759]
Event: 7.339 Thread 0x000001aa36af9010 Exception <a 'java/lang/NoSuchMethodError'{0x00000000c77165c8}: 'int java.lang.invoke.DirectMethodHandle$Holder.invokeSpecial(java.lang.Object, java.lang.Object, int)'> (0x00000000c77165c8) 
thrown [s\src\hotspot\share\interpreter\linkResolver.cpp, line 759]
Event: 7.366 Thread 0x000001aa36af9010 Exception <a 'java/lang/NoSuchMethodError'{0x00000000c77245e0}: 'void java.lang.invoke.DirectMethodHandle$Holder.invokeVirtual(java.lang.Object, java.lang.Object, int)'> (0x00000000c77245e0) 
thrown [s\src\hotspot\share\interpreter\linkResolver.cpp, line 759]
Event: 7.367 Thread 0x000001aa36af9010 Exception <a 'java/lang/NoSuchMethodError'{0x00000000c772a828}: 'void java.lang.invoke.DirectMethodHandle$Holder.invokeStatic(java.lang.Object, java.lang.Object, java.lang.Object, int, java.lang.Object)'> (0x00000000c772a828) 
thrown [s\src\hotspot\share\interpreter\linkResolver.cpp, line 759]
Event: 7.369 Thread 0x000001aa36af9010 Exception <a 'java/lang/NoSuchMethodError'{0x00000000c7731d30}: 'java.lang.Object java.lang.invoke.DirectMethodHandle$Holder.newInvokeSpecial(java.lang.Object, java.lang.Object, java.lang.Object, int)'> (0x00000000c7731d30) 
thrown [s\src\hotspot\share\interpreter\linkResolver.cpp, line 759]
Event: 7.373 Thread 0x000001aa36af9010 Exception <a 'java/lang/NoSuchMethodError'{0x00000000c7736018}: 'java.lang.Object java.lang.invoke.DirectMethodHandle$Holder.invokeSpecial(java.lang.Object, java.lang.Object, java.lang.Object, java.lang.Object, int)'> (0x00000000c7736018) 
thrown [s\src\hotspot\share\interpreter\linkResolver.cpp, line 759]
Event: 7.374 Thread 0x000001aa36af9010 Exception <a 'java/lang/NoSuchMethodError'{0x00000000c7739be0}: 'java.lang.Object java.lang.invoke.Invokers$Holder.linkToTargetMethod(java.lang.Object, java.lang.Object, int, java.lang.Object)'> (0x00000000c7739be0) 
thrown [s\src\hotspot\share\interpreter\linkResolver.cpp, line 759]
Event: 7.659 Thread 0x000001aa36af9010 Exception <a 'java/lang/NoSuchMethodError'{0x00000000c67ad668}: 'java.lang.Object java.lang.invoke.DirectMethodHandle$Holder.invokeStaticInit(java.lang.Object, int, int, int, int)'> (0x00000000c67ad668) 
thrown [s\src\hotspot\share\interpreter\linkResolver.cpp, line 759]
Event: 7.866 Thread 0x000001aa36af9010 Exception <a 'java/lang/NoSuchMethodError'{0x00000000c660eb58}: 'java.lang.Object java.lang.invoke.DirectMethodHandle$Holder.invokeStaticInit(java.lang.Object, java.lang.Object, int, int, int, int)'> (0x00000000c660eb58) 
thrown [s\src\hotspot\share\interpreter\linkResolver.cpp, line 759]
Event: 8.204 Thread 0x000001aa36af9010 Exception <a 'java/io/FileNotFoundException'{0x00000000c61686f0}> (0x00000000c61686f0) 
thrown [s\src\hotspot\share\prims\jni.cpp, line 516]
Event: 8.320 Thread 0x000001aa36af9010 Exception <a 'java/lang/NoSuchMethodError'{0x00000000c5ffac28}: 'int java.lang.invoke.DirectMethodHandle$Holder.invokeInterface(java.lang.Object, java.lang.Object, java.lang.Object, java.lang.Object)'> (0x00000000c5ffac28) 
thrown [s\src\hotspot\share\interpreter\linkResolver.cpp, line 759]
Event: 8.493 Thread 0x000001aa36af9010 Exception <a 'java/lang/NoSuchMethodError'{0x00000000c5dfbdf0}: 'long java.lang.invoke.DirectMethodHandle$Holder.invokeVirtual(java.lang.Object, java.lang.Object)'> (0x00000000c5dfbdf0) 
thrown [s\src\hotspot\share\interpreter\linkResolver.cpp, line 759]
Event: 8.583 Thread 0x000001aa36af9010 Exception <a 'java/lang/NoSuchMethodError'{0x00000000c5b31428}: 'void java.lang.invoke.DirectMethodHandle$Holder.invokeVirtual(java.lang.Object, java.lang.Object, long)'> (0x00000000c5b31428) 
thrown [s\src\hotspot\share\interpreter\linkResolver.cpp, line 759]
Event: 8.730 Thread 0x000001aa36af9010 Exception <a 'sun/nio/fs/WindowsException'{0x00000000c5870a60}> (0x00000000c5870a60) 
thrown [s\src\hotspot\share\prims\jni.cpp, line 516]
Event: 8.975 Thread 0x000001aa36af9010 Exception <a 'java/lang/NoSuchMethodError'{0x00000000c677c938}: 'void java.lang.invoke.DirectMethodHandle$Holder.invokeStaticInit(java.lang.Object, java.lang.Object, java.lang.Object, java.lang.Object, java.lang.Object)'> (0x00000000c677c938) 
thrown [s\src\hotspot\share\interpreter\linkResolver.cpp, line 759]
Event: 9.624 Thread 0x000001aa36af9010 Exception <a 'java/lang/NoSuchMethodError'{0x00000000c5e30678}: 'java.lang.Object java.lang.invoke.DirectMethodHandle$Holder.invokeStaticInit(java.lang.Object, java.lang.Object, java.lang.Object, java.lang.Object)'> (0x00000000c5e30678) 
thrown [s\src\hotspot\share\interpreter\linkResolver.cpp, line 759]

VM Operations (20 events):
Event: 9.795 Executing VM operation: CollectForMetadataAllocation
Event: 9.799 Executing VM operation: CollectForMetadataAllocation done
Event: 9.841 Executing VM operation: G1Concurrent
Event: 9.844 Executing VM operation: G1Concurrent done
Event: 9.860 Executing VM operation: G1Concurrent
Event: 9.861 Executing VM operation: G1Concurrent done
Event: 10.154 Executing VM operation: HandshakeAllThreads
Event: 10.155 Executing VM operation: HandshakeAllThreads done
Event: 11.163 Executing VM operation: Cleanup
Event: 11.163 Executing VM operation: Cleanup done
Event: 12.178 Executing VM operation: Cleanup
Event: 12.179 Executing VM operation: Cleanup done
Event: 13.188 Executing VM operation: Cleanup
Event: 13.223 Executing VM operation: Cleanup done
Event: 14.227 Executing VM operation: Cleanup
Event: 14.227 Executing VM operation: Cleanup done
Event: 15.027 Executing VM operation: G1CollectForAllocation
Event: 15.032 Executing VM operation: G1CollectForAllocation done
Event: 16.039 Executing VM operation: Cleanup
Event: 16.147 Executing VM operation: Cleanup done

Events (20 events):
Event: 9.662 loading class java/lang/instrument/ClassFileTransformer
Event: 9.663 loading class java/lang/instrument/ClassFileTransformer done
Event: 9.704 Thread 0x000001aa53b654f0 Thread added: 0x000001aa53b654f0
Event: 11.970 loading class javax/xml/stream/XMLResolver
Event: 11.970 loading class javax/xml/stream/XMLResolver done
Event: 11.970 loading class javax/xml/stream/XMLEventReader
Event: 11.977 loading class javax/xml/stream/XMLEventReader done
Event: 12.006 loading class javax/xml/stream/XMLEventFactory
Event: 12.007 loading class javax/xml/stream/XMLEventFactory done
Event: 12.007 loading class javax/xml/stream/FactoryFinder
Event: 12.014 loading class javax/xml/stream/FactoryFinder done
Event: 12.016 loading class javax/xml/stream/FactoryFinder$1
Event: 12.017 loading class javax/xml/stream/FactoryFinder$1 done
Event: 12.018 loading class com/sun/xml/internal/stream/events/XMLEventFactoryImpl
Event: 12.024 loading class com/sun/xml/internal/stream/events/XMLEventFactoryImpl done
Event: 12.299 loading class java/lang/Process
Event: 12.300 loading class java/lang/Process done
Event: 12.381 loading class java/lang/reflect/GenericSignatureFormatError
Event: 12.382 loading class java/lang/reflect/GenericSignatureFormatError done
Event: 15.446 Thread 0x000001aa53b654f0 Thread exited: 0x000001aa53b654f0


Dynamic libraries:
0x00007ff789ef0000 - 0x00007ff789efe000 	C:\Users\giris\AppData\Local\Programs\Eclipse Adoptium\jdk-17.0.4.8-hotspot\bin\java.exe
0x00007ff96bb80000 - 0x00007ff96bde7000 	C:\WINDOWS\SYSTEM32\ntdll.dll
0x00007ff969ef0000 - 0x00007ff969fb9000 	C:\WINDOWS\System32\KERNEL32.DLL
0x00007ff968890000 - 0x00007ff968c84000 	C:\WINDOWS\System32\KERNELBASE.dll
0x00007ff968740000 - 0x00007ff96888b000 	C:\WINDOWS\System32\ucrtbase.dll
0x00007ff9539a0000 - 0x00007ff9539b8000 	C:\Users\giris\AppData\Local\Programs\Eclipse Adoptium\jdk-17.0.4.8-hotspot\bin\jli.dll
0x00007ff96b3d0000 - 0x00007ff96b595000 	C:\WINDOWS\System32\USER32.dll
0x00007ff9698e0000 - 0x00007ff969907000 	C:\WINDOWS\System32\win32u.dll
0x00007ff96acd0000 - 0x00007ff96acfb000 	C:\WINDOWS\System32\GDI32.dll
0x00007ff968c90000 - 0x00007ff968dba000 	C:\WINDOWS\System32\gdi32full.dll
0x00007ff9537c0000 - 0x00007ff9537d9000 	C:\Users\giris\AppData\Local\Programs\Eclipse Adoptium\jdk-17.0.4.8-hotspot\bin\VCRUNTIME140.dll
0x00007ff968690000 - 0x00007ff968733000 	C:\WINDOWS\System32\msvcp_win.dll
0x00007ff955ce0000 - 0x00007ff955f73000 	C:\WINDOWS\WinSxS\amd64_microsoft.windows.common-controls_6595b64144ccf1df_6.0.26100.8115_none_3e075c82e3354f9c\COMCTL32.dll
0x00007ff96b320000 - 0x00007ff96b3c9000 	C:\WINDOWS\System32\msvcrt.dll
0x00007ff96bb00000 - 0x00007ff96bb32000 	C:\WINDOWS\System32\IMM32.DLL
0x00007ff9635e0000 - 0x00007ff9635ec000 	C:\Users\giris\AppData\Local\Programs\Eclipse Adoptium\jdk-17.0.4.8-hotspot\bin\vcruntime140_1.dll
0x00007ff8f00a0000 - 0x00007ff8f0131000 	C:\Users\giris\AppData\Local\Programs\Eclipse Adoptium\jdk-17.0.4.8-hotspot\bin\msvcp140.dll
0x00007ff8bff80000 - 0x00007ff8c0bc6000 	C:\Users\giris\AppData\Local\Programs\Eclipse Adoptium\jdk-17.0.4.8-hotspot\bin\server\jvm.dll
0x00007ff96ba40000 - 0x00007ff96baf6000 	C:\WINDOWS\System32\ADVAPI32.dll
0x00007ff96b0c0000 - 0x00007ff96b167000 	C:\WINDOWS\System32\sechost.dll
0x00007ff96b170000 - 0x00007ff96b288000 	C:\WINDOWS\System32\RPCRT4.dll
0x00007ff969910000 - 0x00007ff969918000 	C:\WINDOWS\System32\PSAPI.DLL
0x00007ff9636a0000 - 0x00007ff9636aa000 	C:\WINDOWS\SYSTEM32\WSOCK32.dll
0x00007ff950230000 - 0x00007ff950266000 	C:\WINDOWS\SYSTEM32\WINMM.dll
0x00007ff96a2a0000 - 0x00007ff96a320000 	C:\WINDOWS\System32\WS2_32.dll
0x00007ff9610c0000 - 0x00007ff9610cb000 	C:\WINDOWS\SYSTEM32\VERSION.dll
0x00007ff9671b0000 - 0x00007ff9671cb000 	C:\WINDOWS\SYSTEM32\kernel.appcore.dll
0x00007ff955a80000 - 0x00007ff955a8a000 	C:\Users\giris\AppData\Local\Programs\Eclipse Adoptium\jdk-17.0.4.8-hotspot\bin\jimage.dll
0x00007ff9663b0000 - 0x00007ff9665f2000 	C:\WINDOWS\SYSTEM32\DBGHELP.DLL
0x00007ff96b6a0000 - 0x00007ff96ba22000 	C:\WINDOWS\System32\combase.dll
0x00007ff96af20000 - 0x00007ff96aff7000 	C:\WINDOWS\System32\OLEAUT32.dll
0x00007ff949aa0000 - 0x00007ff949adb000 	C:\WINDOWS\SYSTEM32\dbgcore.DLL
0x00007ff969830000 - 0x00007ff9698d5000 	C:\WINDOWS\System32\bcryptPrimitives.dll
0x00007ff953900000 - 0x00007ff95390e000 	C:\Users\giris\AppData\Local\Programs\Eclipse Adoptium\jdk-17.0.4.8-hotspot\bin\instrument.dll
0x00007ff953410000 - 0x00007ff953435000 	C:\Users\giris\AppData\Local\Programs\Eclipse Adoptium\jdk-17.0.4.8-hotspot\bin\java.dll
0x00007ff8eeb50000 - 0x00007ff8eec26000 	C:\Users\giris\AppData\Local\Programs\Eclipse Adoptium\jdk-17.0.4.8-hotspot\bin\jsvml.dll
0x00007ff96a400000 - 0x00007ff96ab66000 	C:\WINDOWS\System32\SHELL32.dll
0x00007ff9696c0000 - 0x00007ff96982a000 	C:\WINDOWS\System32\wintypes.dll
0x00007ff968dc0000 - 0x00007ff969625000 	C:\WINDOWS\System32\windows.storage.dll
0x00007ff96b5a0000 - 0x00007ff96b697000 	C:\WINDOWS\System32\SHCORE.dll
0x00007ff96b2a0000 - 0x00007ff96b306000 	C:\WINDOWS\System32\shlwapi.dll
0x00007ff968370000 - 0x00007ff968399000 	C:\WINDOWS\SYSTEM32\profapi.dll
0x00007ff9448f0000 - 0x00007ff944908000 	C:\Users\giris\AppData\Local\Programs\Eclipse Adoptium\jdk-17.0.4.8-hotspot\bin\zip.dll
0x00007ff953540000 - 0x00007ff953559000 	C:\Users\giris\AppData\Local\Programs\Eclipse Adoptium\jdk-17.0.4.8-hotspot\bin\net.dll
0x00007ff95b2f0000 - 0x00007ff95b41d000 	C:\WINDOWS\SYSTEM32\WINHTTP.dll
0x00007ff967750000 - 0x00007ff9677bc000 	C:\WINDOWS\system32\mswsock.dll
0x00007ff9533c0000 - 0x00007ff9533d5000 	C:\Users\giris\AppData\Local\Programs\Eclipse Adoptium\jdk-17.0.4.8-hotspot\bin\nio.dll
0x00007ff93aac0000 - 0x00007ff93aada000 	C:\Users\giris\AppData\Local\Programs\IntelliJ IDEA Community Edition\bin\breakgen64.dll
0x00007ff9448b0000 - 0x00007ff9448be000 	C:\Users\giris\AppData\Local\Programs\Eclipse Adoptium\jdk-17.0.4.8-hotspot\bin\sunmscapi.dll
0x00007ff968510000 - 0x00007ff968687000 	C:\WINDOWS\System32\CRYPT32.dll
0x00007ff967c50000 - 0x00007ff967c80000 	C:\WINDOWS\SYSTEM32\ncrypt.dll
0x00007ff967c00000 - 0x00007ff967c3f000 	C:\WINDOWS\SYSTEM32\NTASN1.dll
0x00007ff967a30000 - 0x00007ff967a4b000 	C:\WINDOWS\SYSTEM32\CRYPTSP.dll
0x00007ff967110000 - 0x00007ff967149000 	C:\WINDOWS\system32\rsaenh.dll
0x00007ff967800000 - 0x00007ff967833000 	C:\WINDOWS\SYSTEM32\USERENV.dll
0x00007ff968340000 - 0x00007ff96836a000 	C:\WINDOWS\SYSTEM32\bcrypt.dll
0x00007ff967a50000 - 0x00007ff967a5c000 	C:\WINDOWS\SYSTEM32\CRYPTBASE.dll
0x00007ff966af0000 - 0x00007ff966b22000 	C:\WINDOWS\SYSTEM32\IPHLPAPI.DLL
0x00007ff96ba30000 - 0x00007ff96ba3a000 	C:\WINDOWS\System32\NSI.dll
0x00007ff95b570000 - 0x00007ff95b58d000 	C:\WINDOWS\SYSTEM32\dhcpcsvc6.DLL
0x00007ff95b540000 - 0x00007ff95b565000 	C:\WINDOWS\SYSTEM32\dhcpcsvc.DLL
0x00007ff966c70000 - 0x00007ff966da2000 	C:\WINDOWS\SYSTEM32\DNSAPI.dll
0x00007ff953800000 - 0x00007ff953809000 	C:\Users\giris\AppData\Local\Programs\Eclipse Adoptium\jdk-17.0.4.8-hotspot\bin\management.dll
0x00007ff953770000 - 0x00007ff95377b000 	C:\Users\giris\AppData\Local\Programs\Eclipse Adoptium\jdk-17.0.4.8-hotspot\bin\management_ext.dll

dbghelp: loaded successfully - version: 4.0.5 - missing functions: none
symbol engine: initialized successfully - sym options: 0x614 - pdb path: .;C:\Users\giris\AppData\Local\Programs\Eclipse Adoptium\jdk-17.0.4.8-hotspot\bin;C:\WINDOWS\SYSTEM32;C:\WINDOWS\WinSxS\amd64_microsoft.windows.common-controls_6595b64144ccf1df_6.0.26100.8115_none_3e075c82e3354f9c;C:\Users\giris\AppData\Local\Programs\Eclipse Adoptium\jdk-17.0.4.8-hotspot\bin\server;C:\Users\giris\AppData\Local\Programs\IntelliJ IDEA Community Edition\bin

VM Arguments:
jvm_args: -javaagent:C:\Users\giris\AppData\Local\Programs\IntelliJ IDEA Community Edition\lib\idea_rt.jar=56217:C:\Users\giris\AppData\Local\Programs\IntelliJ IDEA Community Edition\bin -Dfile.encoding=UTF-8 
java_command: com.tulika.todoapp.TodoappApplication
java_class_path (initial): C:\RANI\Training Sessionss\Java\session4\todoapp\target\classes;C:\Users\giris\.m2\repository\org\springframework\boot\spring-boot-starter-data-jpa\3.5.13\spring-boot-starter-data-jpa-3.5.13.jar;C:\Users\giris\.m2\repository\org\springframework\boot\spring-boot-starter\3.5.13\spring-boot-starter-3.5.13.jar;C:\Users\giris\.m2\repository\org\springframework\boot\spring-boot\3.5.13\spring-boot-3.5.13.jar;C:\Users\giris\.m2\repository\org\springframework\boot\spring-boot-autoconfigure\3.5.13\spring-boot-autoconfigure-3.5.13.jar;C:\Users\giris\.m2\repository\org\springframework\boot\spring-boot-starter-logging\3.5.13\spring-boot-starter-logging-3.5.13.jar;C:\Users\giris\.m2\repository\ch\qos\logback\logback-classic\1.5.32\logback-classic-1.5.32.jar;C:\Users\giris\.m2\repository\ch\qos\logback\logback-core\1.5.32\logback-core-1.5.32.jar;C:\Users\giris\.m2\repository\org\apache\logging\log4j\log4j-to-slf4j\2.24.3\log4j-to-slf4j-2.24.3.jar;C:\Users\giris\.m2\repository\org\apache\logging\log4j\log4j-api\2.24.3\log4j-api-2.24.3.jar;C:\Users\giris\.m2\repository\org\slf4j\jul-to-slf4j\2.0.17\jul-to-slf4j-2.0.17.jar;C:\Users\giris\.m2\repository\jakarta\annotation\jakarta.annotation-api\2.1.1\jakarta.annotation-api-2.1.1.jar;C:\Users\giris\.m2\repository\org\yaml\snakeyaml\2.4\snakeyaml-2.4.jar;C:\Users\giris\.m2\repository\org\springframework\boot\spring-boot-starter-jdbc\3.5.13\spring-boot-starter-jdbc-3.5.13.jar;C:\Users\giris\.m2\repository\com\zaxxer\HikariCP\6.3.3\HikariCP-6.3.3.jar;C:\Users\giris\.m2\repository\org\springframework\spring-jdbc\6.2.17\spring-jdbc-6.2.17.jar;C:\Users\giris\.m2\repository\org\hibernate\orm\hibernate-core\6.6.45.Final\hibernate-core-6.6.45.Final.jar;C:\Users\giris\.m2\repository\jakarta\persistence\jakarta.persistence-api\3.1.0\jakarta.persistence-api-3.1.0.jar;C:\Users\giris\.m2\repository\jakarta\transaction\jakarta.transaction-api\2.0.1\jakarta.transaction-api-2.0.1.jar;C:\Users\giris\.m2\repository\org\jboss\
Launcher Type: SUN_STANDARD

[Global flags]
     intx CICompilerCount                          = 3                                         {product} {ergonomic}
     uint ConcGCThreads                            = 1                                         {product} {ergonomic}
     uint G1ConcRefinementThreads                  = 4                                         {product} {ergonomic}
   size_t G1HeapRegionSize                         = 1048576                                   {product} {ergonomic}
    uintx GCDrainStackTargetSize                   = 64                                        {product} {ergonomic}
   size_t InitialHeapSize                          = 65011712                                  {product} {ergonomic}
   size_t MarkStackSize                            = 4194304                                   {product} {ergonomic}
   size_t MaxHeapSize                              = 1012924416                                {product} {ergonomic}
   size_t MaxNewSize                               = 607125504                                 {product} {ergonomic}
   size_t MinHeapDeltaBytes                        = 1048576                                   {product} {ergonomic}
   size_t MinHeapSize                              = 8388608                                   {product} {ergonomic}
    uintx NonNMethodCodeHeapSize                   = 5832780                                {pd product} {ergonomic}
    uintx NonProfiledCodeHeapSize                  = 122912730                              {pd product} {ergonomic}
    uintx ProfiledCodeHeapSize                     = 122912730                              {pd product} {ergonomic}
    uintx ReservedCodeCacheSize                    = 251658240                              {pd product} {ergonomic}
     bool SegmentedCodeCache                       = true                                      {product} {ergonomic}
   size_t SoftMaxHeapSize                          = 1012924416                             {manageable} {ergonomic}
     bool UseCompressedClassPointers               = true                           {product lp64_product} {ergonomic}
     bool UseCompressedOops                        = true                           {product lp64_product} {ergonomic}
     bool UseG1GC                                  = true                                      {product} {ergonomic}
     bool UseLargePagesIndividualAllocation        = false                                  {pd product} {ergonomic}

Logging:
Log output configuration:
 #0: stdout all=warning uptime,level,tags
 #1: stderr all=off uptime,level,tags

Environment Variables:
JAVA_HOME=C:\Users\giris\AppData\Local\Programs\Eclipse Adoptium\jdk-17.0.4.8-hotspot\
PATH=C:\oraclexe\app\oracle\product\11.2.0\server\bin;C:\WINDOWS\system32;C:\WINDOWS;C:\WINDOWS\System32\Wbem;C:\WINDOWS\System32\WindowsPowerShell\v1.0\;C:\WINDOWS\System32\OpenSSH\;C:\Program Files\dotnet\;C:\MinGW\bin;C:\Program Files\Git\cmd;C:\Program Files\MySQL\MySQL Server 8.0\bin;C:\Program Files\Graphviz\bin;%NVM_HOME%;%NVM_SYMLINK%;C:\Program Files\nodejs\;C:\Users\giris\.console-ninja\.bin;C:\Program Files\MySQL\MySQL Shell 8.0\bin\;C:\Users\giris\AppData\Local\Programs\Python\Python311\Scripts\;C:\Users\giris\AppData\Local\Programs\Python\Python311\;C:\Users\giris\AppData\Local\Programs\Eclipse Adoptium\jdk-17.0.4.8-hotspot\bin;C:\Users\giris\AppData\Local\Microsoft\WindowsApps;C:\ProgramData\giris\GitHubDesktop\bin;C:\Users\giris\AppData\Local\JetBrains\Toolbox\scripts;C:\Users\giris\AppData\Local\Microsoft\WindowsApps;C:\Users\giris\AppData\Local\Programs\Microsoft VS Code\bin;C:\Users\giris\AppData\Local\nvm;C:\nvm4w\nodejs;C:\Users\giris\AppData\Roaming\npm
USERNAME=giris
OS=Windows_NT
PROCESSOR_IDENTIFIER=Intel64 Family 6 Model 126 Stepping 5, GenuineIntel
TMP=C:\Users\giris\AppData\Local\Temp
TEMP=C:\Users\giris\AppData\Local\Temp



---------------  S Y S T E M  ---------------

OS:
 Windows 11 , 64 bit Build 26100 (10.0.26100.8115)
OS uptime: 4 days 1:17 hours
Hyper-V role detected

CPU: total 4 (initial active 4) (2 cores per cpu, 2 threads per core) family 6 model 126 stepping 5 microcode 0xc2, cx8, cmov, fxsr, ht, mmx, 3dnowpref, sse, sse2, sse3, ssse3, sse4.1, sse4.2, popcnt, lzcnt, tsc, tscinvbit, avx, avx2, aes, erms, clmul, bmi1, bmi2, adx, avx512f, avx512dq, avx512cd, avx512bw, avx512vl, sha, fma, vzeroupper, avx512_vpopcntdq, avx512_vpclmulqdq, avx512_vaes, avx512_vnni, clflush, clflushopt, avx512_vbmi2, avx512_vbmi, hv

Memory: 4k page, system-wide physical 3863M (151M free)
TotalPageFile size 15639M (AvailPageFile size 1M)
current process WorkingSet (physical memory assigned to process): 127M, peak: 171M
current process commit charge ("private bytes"): 201M, peak: 212M

vm_info: OpenJDK 64-Bit Server VM (17.0.4+8) for windows-amd64 JRE (17.0.4+8), built on Jul 19 2022 16:05:16 by "temurin" with MS VC++ 16.7 (VS2019)

END.
