#
# There is insufficient memory for the Java Runtime Environment to continue.
# Native memory allocation (mmap) failed to map 65011712 bytes for G1 virtual space
# Possible reasons:
#   The system is out of physical RAM or swap space
#   The process is running with CompressedOops enabled, and the Java Heap may be blocking the growth of the native heap
# Possible solutions:
#   Reduce memory load on the system
#   Increase physical memory or swap space
#   Check if swap backing store is full
#   Decrease Java heap size (-Xmx/-Xms)
#   Decrease number of Java threads
#   Decrease Java thread stack sizes (-Xss)
#   Set larger code cache with -XX:ReservedCodeCacheSize=
#   JVM is running with Unscaled Compressed Oops mode in which the Java heap is
#     placed in the first 4GB address space. The Java Heap base address is the
#     maximum limit for the native heap growth. Please use -XX:HeapBaseMinAddress
#     to set the Java Heap base and to place the Java Heap above 4GB virtual address.
# This output file may be truncated or incomplete.
#
#  Out of Memory Error (os_windows.cpp:3541), pid=2896, tid=22268
#
# JRE version:  (17.0.4+8) (build )
# Java VM: OpenJDK 64-Bit Server VM (17.0.4+8, mixed mode, sharing, tiered, compressed oops, compressed class ptrs, g1 gc, windows-amd64)
# No core dump will be written. Minidumps are not enabled by default on client versions of Windows
#

---------------  S U M M A R Y ------------

Command Line: -javaagent:C:\Users\giris\AppData\Local\Programs\IntelliJ IDEA Community Edition\lib\idea_rt.jar=58396:C:\Users\giris\AppData\Local\Programs\IntelliJ IDEA Community Edition\bin -Dfile.encoding=UTF-8 com.tulika.eventbooking.EventBookingApplication

Host: Intel(R) Core(TM) i3-1005G1 CPU @ 1.20GHz, 4 cores, 3G,  Windows 11 , 64 bit Build 26100 (10.0.26100.8246)
Time: Fri Apr 24 17:38:01 2026 India Standard Time elapsed time: 0.081750 seconds (0d 0h 0m 0s)

---------------  T H R E A D  ---------------

Current thread (0x000001f560b4f370):  JavaThread "Unknown thread" [_thread_in_vm, id=22268, stack(0x000000f1c2a00000,0x000000f1c2b00000)]

Stack: [0x000000f1c2a00000,0x000000f1c2b00000]
Native frames: (J=compiled Java code, j=interpreted, Vv=VM code, C=native code)
V  [jvm.dll+0x67733a]
V  [jvm.dll+0x8323c4]
V  [jvm.dll+0x833b6e]
V  [jvm.dll+0x8341d3]
V  [jvm.dll+0x2455e5]
V  [jvm.dll+0x674229]
V  [jvm.dll+0x668ab2]
V  [jvm.dll+0x30458b]
V  [jvm.dll+0x30bad6]
V  [jvm.dll+0x35ba7e]
V  [jvm.dll+0x35bcaf]
V  [jvm.dll+0x2db428]
V  [jvm.dll+0x2dc394]
V  [jvm.dll+0x803ef1]
V  [jvm.dll+0x3698d1]
V  [jvm.dll+0x7e320c]
V  [jvm.dll+0x3ec23f]
V  [jvm.dll+0x3eddc1]
C  [jli.dll+0x5277]
C  [ucrtbase.dll+0x37b0]
C  [KERNEL32.DLL+0x2e8d7]
C  [ntdll.dll+0x8c3fc]


---------------  P R O C E S S  ---------------

Threads class SMR info:
_java_thread_list=0x00007ffa3d294e98, length=0, elements={
}

Java Threads: ( => current thread )

Other Threads:
  0x000001f560b8c370 GCTaskThread "GC Thread#0" [stack: 0x000000f1c2b00000,0x000000f1c2c00000] [id=3696]
  0x000001f560b90cc0 ConcurrentGCThread "G1 Main Marker" [stack: 0x000000f1c2c00000,0x000000f1c2d00000] [id=20896]
  0x000001f560b91b00 ConcurrentGCThread "G1 Conc#0" [stack: 0x000000f1c2d00000,0x000000f1c2e00000] [id=25152]

[error occurred during error reporting (printing all threads), id 0xc0000005, EXCEPTION_ACCESS_VIOLATION (0xc0000005) at pc=0x00007ffa3ca6beb7]

VM state: not at safepoint (not fully initialized)

VM Mutex/Monitor currently owned by a thread:  ([mutex/lock_event])
[0x000001f560b4c870] Heap_lock - owner thread: 0x000001f560b4f370

Heap address: 0x00000000c3a00000, size: 966 MB, Compressed Oops mode: 32-bit

CDS archive(s) mapped at: [0x0000000000000000-0x0000000000000000-0x0000000000000000), size 0, SharedBaseAddress: 0x0000000800000000, ArchiveRelocationMode: 0.
Narrow klass base: 0x0000000000000000, Narrow klass shift: 0, Narrow klass range: 0x0

GC Precious Log:
<Empty>

Heap:
 garbage-first heap   total 0K, used 0K [0x00000000c3a00000, 0x0000000100000000)
  region size 1024K, 0 young (0K), 0 survivors (0K)

[error occurred during error reporting (printing heap information), id 0xc0000005, EXCEPTION_ACCESS_VIOLATION (0xc0000005) at pc=0x00007ffa3ce506b9]

GC Heap History (0 events):
No events

Deoptimization events (0 events):
No events

Classes unloaded (0 events):
No events

Classes redefined (0 events):
No events

Internal exceptions (0 events):
No events

VM Operations (0 events):
No events

Events (1 events):
Event: 0.042 Loaded shared library C:\Users\giris\AppData\Local\Programs\Eclipse Adoptium\jdk-17.0.4.8-hotspot\bin\java.dll


Dynamic libraries:
0x00007ff734050000 - 0x00007ff73405e000 	C:\Users\giris\AppData\Local\Programs\Eclipse Adoptium\jdk-17.0.4.8-hotspot\bin\java.exe
0x00007ffaf9560000 - 0x00007ffaf97c7000 	C:\WINDOWS\SYSTEM32\ntdll.dll
0x00007ffaf8cc0000 - 0x00007ffaf8d89000 	C:\WINDOWS\System32\KERNEL32.DLL
0x00007ffaf5f60000 - 0x00007ffaf6354000 	C:\WINDOWS\System32\KERNELBASE.dll
0x00007ffaf6360000 - 0x00007ffaf64ab000 	C:\WINDOWS\System32\ucrtbase.dll
0x00007ffae45a0000 - 0x00007ffae45b8000 	C:\Users\giris\AppData\Local\Programs\Eclipse Adoptium\jdk-17.0.4.8-hotspot\bin\jli.dll
0x00007ffae5840000 - 0x00007ffae5859000 	C:\Users\giris\AppData\Local\Programs\Eclipse Adoptium\jdk-17.0.4.8-hotspot\bin\VCRUNTIME140.dll
0x00007ffaf8fb0000 - 0x00007ffaf9175000 	C:\WINDOWS\System32\USER32.dll
0x00007ffaf66d0000 - 0x00007ffaf66f7000 	C:\WINDOWS\System32\win32u.dll
0x00007ffaf8f50000 - 0x00007ffaf8f7b000 	C:\WINDOWS\System32\GDI32.dll
0x00007ffaf5e30000 - 0x00007ffaf5f5b000 	C:\WINDOWS\System32\gdi32full.dll
0x00007ffaf6570000 - 0x00007ffaf6613000 	C:\WINDOWS\System32\msvcp_win.dll
0x00007ffae1430000 - 0x00007ffae16c3000 	C:\WINDOWS\WinSxS\amd64_microsoft.windows.common-controls_6595b64144ccf1df_6.0.26100.8115_none_3e075c82e3354f9c\COMCTL32.dll
0x00007ffaf77e0000 - 0x00007ffaf7889000 	C:\WINDOWS\System32\msvcrt.dll
0x00007ffaf8d90000 - 0x00007ffaf8dc2000 	C:\WINDOWS\System32\IMM32.DLL
0x00007ffae6050000 - 0x00007ffae605c000 	C:\Users\giris\AppData\Local\Programs\Eclipse Adoptium\jdk-17.0.4.8-hotspot\bin\vcruntime140_1.dll
0x00007ffa7ea20000 - 0x00007ffa7eab1000 	C:\Users\giris\AppData\Local\Programs\Eclipse Adoptium\jdk-17.0.4.8-hotspot\bin\msvcp140.dll
0x00007ffa3c780000 - 0x00007ffa3d3c6000 	C:\Users\giris\AppData\Local\Programs\Eclipse Adoptium\jdk-17.0.4.8-hotspot\bin\server\jvm.dll
0x00007ffaf8e10000 - 0x00007ffaf8ec6000 	C:\WINDOWS\System32\ADVAPI32.dll
0x00007ffaf79f0000 - 0x00007ffaf7a97000 	C:\WINDOWS\System32\sechost.dll
0x00007ffaf72f0000 - 0x00007ffaf7408000 	C:\WINDOWS\System32\RPCRT4.dll
0x00007ffaf8dd0000 - 0x00007ffaf8dd8000 	C:\WINDOWS\System32\PSAPI.DLL
0x00007ffaecbb0000 - 0x00007ffaecbba000 	C:\WINDOWS\SYSTEM32\WSOCK32.dll
0x00007ffaf78f0000 - 0x00007ffaf7970000 	C:\WINDOWS\System32\WS2_32.dll
0x00007ffae16d0000 - 0x00007ffae1706000 	C:\WINDOWS\SYSTEM32\WINMM.dll
0x00007ffaed670000 - 0x00007ffaed67b000 	C:\WINDOWS\SYSTEM32\VERSION.dll
0x00007ffaf4ba0000 - 0x00007ffaf4bbb000 	C:\WINDOWS\SYSTEM32\kernel.appcore.dll
0x00007ffae5c20000 - 0x00007ffae5c2a000 	C:\Users\giris\AppData\Local\Programs\Eclipse Adoptium\jdk-17.0.4.8-hotspot\bin\jimage.dll
0x00007ffaf3db0000 - 0x00007ffaf3ff2000 	C:\WINDOWS\SYSTEM32\DBGHELP.DLL
0x00007ffaf9180000 - 0x00007ffaf9502000 	C:\WINDOWS\System32\combase.dll
0x00007ffaf82f0000 - 0x00007ffaf83c8000 	C:\WINDOWS\System32\OLEAUT32.dll
0x00007ffadc020000 - 0x00007ffadc05b000 	C:\WINDOWS\SYSTEM32\dbgcore.DLL
0x00007ffaf6620000 - 0x00007ffaf66c5000 	C:\WINDOWS\System32\bcryptPrimitives.dll
0x00007ffae5b80000 - 0x00007ffae5b8e000 	C:\Users\giris\AppData\Local\Programs\Eclipse Adoptium\jdk-17.0.4.8-hotspot\bin\instrument.dll
0x00007ffac5d10000 - 0x00007ffac5d35000 	C:\Users\giris\AppData\Local\Programs\Eclipse Adoptium\jdk-17.0.4.8-hotspot\bin\java.dll

dbghelp: loaded successfully - version: 4.0.5 - missing functions: none
symbol engine: initialized successfully - sym options: 0x614 - pdb path: .;C:\Users\giris\AppData\Local\Programs\Eclipse Adoptium\jdk-17.0.4.8-hotspot\bin;C:\WINDOWS\SYSTEM32;C:\WINDOWS\WinSxS\amd64_microsoft.windows.common-controls_6595b64144ccf1df_6.0.26100.8115_none_3e075c82e3354f9c;C:\Users\giris\AppData\Local\Programs\Eclipse Adoptium\jdk-17.0.4.8-hotspot\bin\server

VM Arguments:
jvm_args: -javaagent:C:\Users\giris\AppData\Local\Programs\IntelliJ IDEA Community Edition\lib\idea_rt.jar=58396:C:\Users\giris\AppData\Local\Programs\IntelliJ IDEA Community Edition\bin -Dfile.encoding=UTF-8 
java_command: com.tulika.eventbooking.EventBookingApplication
java_class_path (initial): C:\RANI\Training Sessionss\Capstone_SRSTicketbooking\backend\event-booking\target\classes;C:\Users\giris\.m2\repository\org\springframework\boot\spring-boot-starter-data-jpa\3.5.13\spring-boot-starter-data-jpa-3.5.13.jar;C:\Users\giris\.m2\repository\org\springframework\boot\spring-boot-starter\3.5.13\spring-boot-starter-3.5.13.jar;C:\Users\giris\.m2\repository\org\springframework\boot\spring-boot-starter-logging\3.5.13\spring-boot-starter-logging-3.5.13.jar;C:\Users\giris\.m2\repository\ch\qos\logback\logback-classic\1.5.32\logback-classic-1.5.32.jar;C:\Users\giris\.m2\repository\ch\qos\logback\logback-core\1.5.32\logback-core-1.5.32.jar;C:\Users\giris\.m2\repository\org\apache\logging\log4j\log4j-to-slf4j\2.24.3\log4j-to-slf4j-2.24.3.jar;C:\Users\giris\.m2\repository\org\apache\logging\log4j\log4j-api\2.24.3\log4j-api-2.24.3.jar;C:\Users\giris\.m2\repository\org\slf4j\jul-to-slf4j\2.0.17\jul-to-slf4j-2.0.17.jar;C:\Users\giris\.m2\repository\jakarta\annotation\jakarta.annotation-api\2.1.1\jakarta.annotation-api-2.1.1.jar;C:\Users\giris\.m2\repository\org\yaml\snakeyaml\2.4\snakeyaml-2.4.jar;C:\Users\giris\.m2\repository\org\springframework\boot\spring-boot-starter-jdbc\3.5.13\spring-boot-starter-jdbc-3.5.13.jar;C:\Users\giris\.m2\repository\com\zaxxer\HikariCP\6.3.3\HikariCP-6.3.3.jar;C:\Users\giris\.m2\repository\org\springframework\spring-jdbc\6.2.17\spring-jdbc-6.2.17.jar;C:\Users\giris\.m2\repository\org\hibernate\orm\hibernate-core\6.6.45.Final\hibernate-core-6.6.45.Final.jar;C:\Users\giris\.m2\repository\jakarta\persistence\jakarta.persistence-api\3.1.0\jakarta.persistence-api-3.1.0.jar;C:\Users\giris\.m2\repository\jakarta\transaction\jakarta.transaction-api\2.0.1\jakarta.transaction-api-2.0.1.jar;C:\Users\giris\.m2\repository\org\jboss\logging\jboss-logging\3.6.3.Final\jboss-logging-3.6.3.Final.jar;C:\Users\giris\.m2\repository\org\hibernate\common\hibernate-commons-annotations\7.0.3.Final\hibernate-commons-annotations-7.0.3.Fin
Launcher Type: SUN_STANDARD

[Global flags]
     intx CICompilerCount                          = 3                                         {product} {ergonomic}
     uint ConcGCThreads                            = 1                                         {product} {ergonomic}
     uint G1ConcRefinementThreads                  = 4                                         {product} {ergonomic}
   size_t G1HeapRegionSize                         = 1048576                                   {product} {ergonomic}
    uintx GCDrainStackTargetSize                   = 64                                        {product} {ergonomic}
   size_t InitialHeapSize                          = 65011712                                  {product} {ergonomic}
   size_t MarkStackSize                            = 4194304                                   {product} {ergonomic}
   size_t MaxHeapSize                              = 1012924416                                {product} {ergonomic}
   size_t MinHeapDeltaBytes                        = 1048576                                   {product} {ergonomic}
   size_t MinHeapSize                              = 8388608                                   {product} {ergonomic}
    uintx NonNMethodCodeHeapSize                   = 5832780                                {pd product} {ergonomic}
    uintx NonProfiledCodeHeapSize                  = 122912730                              {pd product} {ergonomic}
    uintx ProfiledCodeHeapSize                     = 122912730                              {pd product} {ergonomic}
    uintx ReservedCodeCacheSize                    = 251658240                              {pd product} {ergonomic}
     bool SegmentedCodeCache                       = true                                      {product} {ergonomic}
   size_t SoftMaxHeapSize                          = 1012924416                             {manageable} {ergonomic}
     bool UseCompressedClassPointers               = true                           {product lp64_product} {ergonomic}
     bool UseCompressedOops                        = true                           {product lp64_product} {ergonomic}
     bool UseG1GC                                  = true                                      {product} {ergonomic}
     bool UseLargePagesIndividualAllocation        = false                                  {pd product} {ergonomic}

Logging:
Log output configuration:
 #0: stdout all=warning uptime,level,tags
 #1: stderr all=off uptime,level,tags

Environment Variables:
JAVA_HOME=C:\Users\giris\AppData\Local\Programs\Eclipse Adoptium\jdk-17.0.4.8-hotspot\
PATH=C:\oraclexe\app\oracle\product\11.2.0\server\bin;C:\WINDOWS\system32;C:\WINDOWS;C:\WINDOWS\System32\Wbem;C:\WINDOWS\System32\WindowsPowerShell\v1.0\;C:\WINDOWS\System32\OpenSSH\;C:\Program Files\dotnet\;C:\MinGW\bin;C:\Program Files\Git\cmd;C:\Program Files\MySQL\MySQL Server 8.0\bin;C:\Program Files\Graphviz\bin;%NVM_HOME%;%NVM_SYMLINK%;C:\Program Files\nodejs\;C:\Users\giris\.console-ninja\.bin;C:\Program Files\MySQL\MySQL Shell 8.0\bin\;C:\Users\giris\AppData\Local\Programs\Python\Python311\Scripts\;C:\Users\giris\AppData\Local\Programs\Python\Python311\;C:\Users\giris\AppData\Local\Programs\Eclipse Adoptium\jdk-17.0.4.8-hotspot\bin;C:\Users\giris\AppData\Local\Microsoft\WindowsApps;C:\ProgramData\giris\GitHubDesktop\bin;C:\Users\giris\AppData\Local\JetBrains\Toolbox\scripts;C:\Users\giris\AppData\Local\Microsoft\WindowsApps;C:\Users\giris\AppData\Local\Programs\Microsoft VS Code\bin;C:\Users\giris\AppData\Local\nvm;C:\nvm4w\nodejs;C:\Users\giris\AppData\Roaming\npm
USERNAME=giris
OS=Windows_NT
PROCESSOR_IDENTIFIER=Intel64 Family 6 Model 126 Stepping 5, GenuineIntel
TMP=C:\Users\giris\AppData\Local\Temp
TEMP=C:\Users\giris\AppData\Local\Temp



---------------  S Y S T E M  ---------------

OS:
 Windows 11 , 64 bit Build 26100 (10.0.26100.8246)
OS uptime: 1 days 21:55 hours
Hyper-V role detected

CPU: total 4 (initial active 4) (2 cores per cpu, 2 threads per core) family 6 model 126 stepping 5 microcode 0xc2, cx8, cmov, fxsr, ht, mmx, 3dnowpref, sse, sse2, sse3, ssse3, sse4.1, sse4.2, popcnt, lzcnt, tsc, tscinvbit, avx, avx2, aes, erms, clmul, bmi1, bmi2, adx, avx512f, avx512dq, avx512cd, avx512bw, avx512vl, sha, fma, vzeroupper, avx512_vpopcntdq, avx512_vpclmulqdq, avx512_vaes, avx512_vnni, clflush, clflushopt, avx512_vbmi2, avx512_vbmi, hv

Memory: 4k page, system-wide physical 3863M (161M free)
TotalPageFile size 15639M (AvailPageFile size 19M)
current process WorkingSet (physical memory assigned to process): 12M, peak: 12M
current process commit charge ("private bytes"): 51M, peak: 113M

vm_info: OpenJDK 64-Bit Server VM (17.0.4+8) for windows-amd64 JRE (17.0.4+8), built on Jul 19 2022 16:05:16 by "temurin" with MS VC++ 16.7 (VS2019)

END.
